1602866619173,5.3468064902264185,34.45958848621943,96.21441370411893,87.82695066811371,6.13921126065311,85.01609018115786
1602866619173,8.833595901472913,16.82221887333879,74.82963044482706,4.160148285750964,24.799973692367516,56.22203120047774
1602866619173,46.47370671471286,65.87733081476263,13.113138545148717,84.0851573229611,76.82883884580293,77.73825875937206
1602866619173,52.14983151587289,95.72973843129704,11.98298673281627,18.384642506734792,67.84967091868495,9.576964476070572
1602866619173,59.75819437280138,83.40807299250692,77.18774663153967,36.93960244585613,70.33507241040593,77.34449106069924
1602866619173,78.42680398364715,93.59429822958931,29.156249905876408,77.64210942935259,63.51983785788167,59.15118887940074
1602866619173,75.0183942839785,16.37747641397853,5.9894602741627505,2.9252621876119433,61.253575437714616,19.50363950278512
1602866619173,51.178174097114535,38.35235306065694,37.74341441723366,12.866049927617851,17.501878543273996,1.0095989023196195
1602866619174,13.989279970980206,67.77171624508203,73.93316311970834,33.20673647304009,96.5536810766582,36.14447037208725
1602866619174,15.634604794180673,45.80016350939686,5.591632066725372,79.10284853104118,14.47354384780386,34.99260801786461
1602866619174,82.41229817587012,26.407171289231613,69.80669582184179,50.36187713275393,99.46758256032395,81.4177906195492
1602866619174,67.62681041300984,47.26847796235803,92.88538302551305,71.37579933084166,22.118762688151673,6.115050709822656
1602866619174,59.25995405056064,8.277701175766195,53.091011527531236,88.48973942149895,27.852134728607993,19.543506587707647
1602866619174,22.302728141535454,59.060821469239876,16.12860743177389,75.14880417775778,21.147797085364196,76.28467537980733
1602866619174,8.816521287918011,31.274139681839696,4.7447994410868555,62.211593977238145,20.43356600330768,85.90403426533983
1602866619174,58.19590238878302,34.55074179818878,99.15023979213002,77.34644599257176,45.42188876874188,93.61807786480385
1602866619174,68.94087240430754,66.06170714363611,10.48853631323613,27.963052024757985,83.74631561004867,28.457964828764947
1602866619174,97.44327193215663,50.2881725133322,50.63230535621411,21.171120017045563,43.207716555304366,87.10137330641378
1602866619174,86.3422032656891,43.47225181622546,8.482596932318632,33.54993902401917,82.3328398203825,82.39801076637642
1602866619174,14.026751329689613,51.222384824270826,58.53336173844009,9.561164643570786,81.86540189665418,96.8479583667253
1602866619174,75.75227158125716,97.38803456122933,15.508878441491214,25.734075782763487,46.4268770487996,17.160390035015304
1602866619174,22.931844558004865,16.06908501586387,24.294937546901895,17.760706808102977,54.537137204310596,12.984556972109607
1602866619174,11.334703833923621,43.437528155157764,2.9897155885319826,14.292733674645719,90.64886741832375,64.96096989301994
1602866619174,73.60814016394114,6.490754860268311,16.437154490046847,47.382328278270734,44.976461002513766,14.776727466101669
1602866619174,71.27248536529166,33.490915176196914,82.16226357763634,33.856192264381654,56.025898412871676,19.7030846307609
1602866619174,15.587638704084949,78.7318151812187,46.080727406896806,93.42226346645262,53.745870022131534,47.94173665309598
1602866619174,84.23936215574068,46.61570965359589,61.46434614564512,79.6939163915281,67.95811289398638,68.92862350604253
1602866619174,14.484812377571787,41.815800734756436,71.63101999521649,2.354226849764063,41.55148557527907,89.27766721377203
1602866619174,2.724742213482978,42.81949457002806,12.521883921708977,1.8457350776382442,66.53397307535282,94.8607840349652
1602866619174,67.22558433965534,91.34010296708405,11.88135681603918,29.990734341115687,70.25812171374827,6.939147311844729
1602866619174,56.11283267578925,77.39056632308673,88.3060149006046,5.421688544823711,84.35316138433052,32.104579040594196
1602866619174,18.25018685232195,88.18542600556837,90.54928942786691,43.83174073047634,85.87129816490251,45.78255338996553
1602866619174,49.01175059232874,2.351946582853315,36.470232251795345,83.61238257810606,33.29989849647512,21.465192834885507
1602866619174,7.514931975722272,65.03842636547846,37.92536614518956,85.28799859104103,21.326290768293266,50.6864363822413
1602866619174,20.615014983782853,20.15018232922765,86.19740468289582,70.93960600741119,96.7820520925525,36.823436888605265
1602866619174,88.58982308770376,83.30286186669345,19.143337909558166,85.03722537963398,89.7616224744887,23.082438078481303
1602866619174,78.8513409666909,70.70934914725228,39.257470097897794,49.22066561385011,59.96186772802383,41.68684251085488
1602866619174,22.033650063964373,74.24250904985152,70.2041642259654,24.387490675510293,66.71250893188684,95.99780988419298
1602866619174,12.175864134397752,53.80427044578862,8.826325143364212,9.922542417802783,99.67671847209661,19.271073805488193
1602866619174,94.96960067159776,87.44831158048638,80.47627715596482,39.33199013654085,24.1211116507682,26.970503445275405
1602866619174,91.4446518270292,2.5751056035753006,31.846637100694508,54.41124331463809,44.251912235706634,41.96448680558078
1602866619174,84.70130467675622,15.317447101276793,20.339665795172014,24.39838288159897,14.456147920422847,38.86137732147652
1602866619174,88.5952352464638,87.96095975780365,96.97295018485904,45.89103685752634,59.41261010594153,89.04359895427389
1602866619174,6.473210658969187,79.1239752435285,61.36951008971406,21.030023300915502,38.32210478507332,99.4747824486085
1602866619174,68.61278586415234,69.52761812286435,8.061697817087431,16.233386504138615,2.912402015450699,54.827086118906465
1602866619174,53.207780463324184,99.68898372047617,66.48204658503327,87.87465110744019,42.04174140030521,64.77590532885522
1602866619174,86.9734650735887,89.95653049633444,81.16476905745715,30.80180969612557,82.18558631273471,2.6199872219796028
1602866619174,53.02708148820025,83.34503681589658,25.45810255035974,38.984561381485506,77.69953906035599,57.148594150427826
1602866619174,43.96548117862835,6.137896862406034,28.752708976900365,69.40238700118077,33.12674596509486,78.24200002757483
1602866619174,28.055351415014663,9.577562093222857,48.935591397477694,26.669819671347028,15.721878840056892,7.241673561400441
1602866619174,20.502405989056015,65.71672410295747,21.083835462602572,25.18640926513126,23.851637103738266,67.15553956640983
1602866619174,70.90380370379393,8.019089575047056,34.67000191066809,64.62277786036815,50.06086339956174,65.41956490007267
1602866619174,13.390203488317487,96.90688697035273,28.48329952149644,10.397172717389935,23.224689609531502,29.495682322144347
1602866619174,5.7550379940313645,28.0407776684811,84.35764510643885,39.563799113176714,54.98976019608084,1.888661629537769
1602866619174,71.64670203205816,49.054124059448704,14.407941426091696,39.868779346237645,8.281355063457575,88.23462627134036
1602866619174,22.17641684229894,16.34274580862405,27.75405537980573,33.98905877434777,99.4277993463709,67.19195251214435
1602866619174,9.473242823096228,45.27263252215692,61.65168486864525,71.73622301633918,59.10303069880784,92.96228232410036
1602866619174,68.31840564433466,69.50472897179623,65.44503913542573,82.98277420130076,14.173518407703444,1.5033473086349058
1602866619174,38.824290060604426,15.045990709486867,44.34040842614701,82.98031792760439,25.0284974096304,93.9861313842712
1602866619174,7.424569522910696,48.699076753779046,84.31369118163654,59.31214571617141,31.318576169076174,8.913589429581602
1602866619174,50.229326492023674,81.06270713484209,96.37630426619171,68.33240540740086,50.47233764401932,32.83891674615561
1602866619174,14.745590068396385,24.00959145430758,32.31403353650219,56.65697942231602,18.114820669968946,15.571278947412438
1602866619174,86.16876211054038,81.02084855947521,13.122244753474,35.75543965998463,25.395208227122147,62.15757968711213
1602866619174,40.12050142303715,35.26692385585147,95.75652061699182,22.88044681400069,39.55046877699235,26.353834762923256
1602866619174,67.93315004948171,43.85311365009095,1.8009256084632774,81.18808795564166,72.17608402714552,45.48308176898803
1602866619174,1.9697233461528407,80.34274210648977,3.217160079215209,82.3259907328601,27.681009390367496,79.10196092369361
1602866619174,19.782264292874906,18.269088701355408,90.54670149771789,18.155122025889835,1.2812210924096235,22.35442449662225
1602866619174,84.81865903280442,90.00581373193349,42.42451176234893,44.901491811544645,35.97710641660785,11.688838049773587
1602866619174,83.80580921978405,55.5638928568038,14.449842631149167,12.998455778440688,61.13333117815339,19.657420759214084
1602866619174,90.61363793449789,43.64106930484159,21.86399645388377,19.20650134820686,28.19021173265438,89.75915708421192
1602866619174,73.19749341929145,2.564414238337731,45.03172232412695,93.99242426984353,22.768149394533555,53.71866361019699
1602866619174,99.21201200616426,30.977323842516313,4.807964805360054,74.9761795077971,28.716263461813153,84.11939607787242
1602866619174,21.98653386833449,64.05981266332138,25.907979202469523,2.5547844775721695,51.07816764644157,1.3752468722520228
1602866619174,65.3637355326042,26.02865801715368,99.19161444434826,16.248605613637512,87.52303131136404,39.0715109138178
1602866619174,71.92288836907937,65.78457409024873,36.630046278949145,54.927438693969364,87.66468203302932,17.94551832624545
1602866619174,38.17819163798044,75.8095438347952,24.240127748433736,93.01517726436155,32.84843836477045,41.65725797963831
1602866619174,77.53721704142157,19.080940334196484,26.03803315974008,83.90056269756299,1.4750795590197097,47.152128740561416
1602866619174,37.012494843141255,73.21769580211568,93.88988707476312,19.009367403507415,42.48734504373631,0.7880952043420208
1602866619174,28.05209298436425,22.340821092055172,16.467256746790614,71.49310120911925,8.413399824758361,86.61150736873469
1602866619174,19.352566377073977,15.979290242290356,23.552871289735656,32.09334148684528,50.8994285680529,15.265002631079893
1602866619174,91.23535996907263,90.16921399123628,64.1014123932428,74.50971561767683,22.31810529278919,74.0916962436356
1602866619174,27.384003570906767,92.00954505609212,34.63261057414363,36.935521722261925,60.71126874495313,67.45286952019941
1602866619174,65.98849371835801,80.95236528511383,22.758750251217375,68.55267238594888,96.59121067807195,3.2352831116282066
1602866619174,50.889890244222066,46.636724995690926,98.67881783175083,4.847231461966195,18.5360497724663,29.51661570966714
1602866619174,62.47929816325042,82.3982181883495,9.42956659977604,87.72840285430976,90.30303979585493,14.243400881868574
1602866619174,22.03622742090179,85.00471666714184,35.481083697430094,2.530460473707419,89.97162105957763,58.46506015277777
1602866619174,30.038064834825374,71.4504004470106,2.7391532068738567,71.06491104842154,74.13461554352845,73.28050368881514
1602866619174,34.66109252054703,72.72919415800664,62.08314388744181,43.26122684637528,62.40207678097415,89.50143592637707
1602866619175,54.0720175446728,79.54256717159126,91.86708165289619,7.617220097949684,78.25991206465342,99.26928955815161
1602866619175,72.38806085310831,85.20843912387676,47.355941533274844,39.54815129265693,65.72886015148534,52.852015150430006
1602866619175,70.31393250256532,85.48711083643843,45.969045756291685,7.760790555564534,39.75759392589465,23.34815535111774
1602866619175,93.64949696582225,7.53848508168079,14.764144859082363,30.079213725192876,77.87223168846924,71.09876547069328
1602866619175,3.405969714324042,30.20428920187851,41.25340429402963,73.41477332419419,34.36153112953407,89.44392686718501
1602866619175,98.2188058940388,16.218122648876587,50.5011881256329,81.19512807627683,91.95918424195798,95.88131343094634
1602866619175,65.08507433699437,85.93010901641242,8.084602144383425,18.526312225292287,93.8106428777988,65.67865929847451
1602866619175,19.103890834427695,46.774337985621585,29.89096831071887,57.055013087052,97.91392780665994,47.38191750706571
1602866619175,37.70954653741557,24.94840772582644,14.209424642714696,92.34463922945126,82.90466234564707,47.31453922894566
1602866619175,61.29592023646667,55.55214544678117,51.92540220744376,2.7356388899150708,3.477115407446063,80.19163777227108
1602866619175,57.58954250414725,94.05723223009178,26.155928874936784,88.38092294761974,30.130236433124836,88.60191295817775
1602866619175,20.021714362672828,26.414354052277133,60.45981468156334,52.59097771762641,71.23759684706522,82.90057069585164
