2020-10-18 11:19:18.384480,15.880488765028788,40.291461763902646,69.17532892080047
2020-10-18 11:19:18.384531,50.03607079184496,77.15206047054214,80.79509378846082
2020-10-18 11:19:18.384541,91.79723905871025,11.360869106997317,68.18573896748835
2020-10-18 11:19:18.384547,13.27394239924713,96.15752727847334,26.28133966287435
2020-10-18 11:19:18.384553,15.608322747767733,12.495576717468836,19.301905141125943
2020-10-18 11:19:18.384559,28.36161762124625,79.25110848030533,91.2832811046276
2020-10-18 11:19:18.384564,22.731474321747758,12.789191729753234,26.17702002690603
2020-10-18 11:19:18.384570,6.829061484988341,87.91862252581866,35.763617110278545
2020-10-18 11:19:18.384576,52.19758756374902,89.26954867285613,35.1848243615913
2020-10-18 11:19:18.384582,62.75033044825751,12.317028541856967,13.566085203950006
2020-10-18 11:19:18.384588,35.36880846967638,35.58655872152416,83.52724874958565
2020-10-18 11:19:18.384594,84.98615857362142,0.5303822013518977,75.66117951042793
2020-10-18 11:19:18.384600,65.37976395436232,23.353411552009305,65.07406502045072
2020-10-18 11:19:18.384606,31.761007860121115,31.089840899604905,46.88039012123689
2020-10-18 11:19:18.384613,73.68650591980523,81.05452961602795,95.67496470871829
2020-10-18 11:19:18.384619,83.17419798132312,2.5081522058289396,87.97764411033208
2020-10-18 11:19:18.384624,49.025250464840106,58.913195891980095,68.8803248782744
2020-10-18 11:19:18.384630,95.16868045876552,87.14620028827127,71.93495724524635
2020-10-18 11:19:18.384635,74.90728727094061,67.19928987439145,35.98378977422605
2020-10-18 11:19:18.384641,41.856578107974286,92.42341813468663,28.174497273788703
2020-10-18 11:19:18.384647,94.0876448276319,93.30393297764581,80.46352846156802
2020-10-18 11:19:18.384653,8.99468482857072,29.93478165908653,93.68836594675642
2020-10-18 11:19:18.384659,7.026468027935673,30.236551682535474,59.00918175484979
2020-10-18 11:19:18.384664,64.25914288861762,90.95700264337904,12.973333003606779
2020-10-18 11:19:18.384670,88.88364151309223,36.12764700845129,65.00957426185926
2020-10-18 11:19:18.384676,93.39436213787364,82.74714434126,42.794638294248614
2020-10-18 11:19:18.384682,28.068302876882946,65.71511624304178,18.13811601773527
2020-10-18 11:19:18.384688,88.75003932731308,76.6624098175337,62.990171721057074
2020-10-18 11:19:18.384695,65.674429158751,29.869034947358287,44.64330420961353
2020-10-18 11:19:18.384701,21.860144508864398,83.22832649989105,19.71303952708029
2020-10-18 11:19:18.384708,16.616498010287685,16.14053594367616,61.83527959346977
2020-10-18 11:19:18.384714,9.513847337965696,30.341407073385028,2.2659152083643996
2020-10-18 11:19:18.384721,15.473247529496225,27.908830973695387,26.879184327308426
2020-10-18 11:19:18.384728,25.91652762654757,54.46450230696708,13.476044648825358
2020-10-18 11:19:18.384735,90.6180702187355,2.5757386569058016,76.40002251803492
2020-10-18 11:19:18.384742,12.121987536618162,76.67895291962733,32.95871363455103
2020-10-18 11:19:18.384750,36.901508198364816,80.89613962992108,36.813660170990104
2020-10-18 11:19:18.384758,62.90442153253579,48.50959737522258,67.47852217259579
2020-10-18 11:19:18.384765,94.93465787140086,26.28241811655322,17.743710153924475
2020-10-18 11:19:18.384771,63.65519589808278,65.70350058081546,99.6518329454639
2020-10-18 11:19:18.384777,48.18906366850248,89.53487508106811,31.347301321977373
2020-10-18 11:19:18.384783,41.68313077078896,39.215756964637436,0.7040451009403093
2020-10-18 11:19:18.384790,98.95751343563283,71.29579000536765,24.149175082564543
2020-10-18 11:19:18.384795,57.209417247563934,8.223750169617983,35.85557798532384
2020-10-18 11:19:18.384801,45.87923998751736,82.95112141350845,3.3887503960153498
2020-10-18 11:19:18.384807,48.57333404782679,90.75340248357531,52.43412724087734
2020-10-18 11:19:18.384813,92.1351828533225,86.88520517237399,91.40605989920161
2020-10-18 11:19:18.384819,76.91460995204001,66.15847168965865,16.962937451857208
2020-10-18 11:19:18.384824,45.65020137528059,27.336481515763143,29.95308762580381
2020-10-18 11:19:18.384830,72.02960571363248,44.92659198437363,15.280788674221068
2020-10-18 11:19:18.384836,95.48004510594645,99.02747948108785,59.47116079324864
2020-10-18 11:19:18.384845,85.10139919908156,40.36344287103913,12.60130036176661
2020-10-18 11:19:18.384856,64.68631939960612,81.84883524778182,29.00327940171402
2020-10-18 11:19:18.384864,36.66856819952209,95.1865712300609,16.798628113651137
2020-10-18 11:19:18.384870,88.3024364760548,15.923369983486168,54.749790384556995
2020-10-18 11:19:18.384875,13.685703994890963,23.862405139809983,82.81508223434658
2020-10-18 11:19:18.384881,75.9404763321233,0.8013448182599969,0.06373521529550175
2020-10-18 11:19:18.384887,27.511579807300368,16.927359392428485,82.10843261202002
2020-10-18 11:19:18.384893,43.71659519216294,3.927725114561642,60.29804021899612
2020-10-18 11:19:18.384898,61.49792298989387,53.26409019048756,21.871476676386525
2020-10-18 11:19:18.384904,45.457277348446134,66.8943153559104,46.292081107959625
2020-10-18 11:19:18.384909,37.53430777367662,93.53973129438282,59.81040763096437
2020-10-18 11:19:18.384917,53.734573053759064,69.48386724813956,58.19656192654477
2020-10-18 11:19:18.384927,10.789764963224558,8.160571966729545,60.2248006219946
2020-10-18 11:19:18.384933,18.60428144612759,58.27597542752303,97.54585452915902
2020-10-18 11:19:18.384939,6.812253950724423,31.328026545847408,30.697191544261372
2020-10-18 11:19:18.384944,98.80378249779217,2.0382246868281495,30.151107705248148
2020-10-18 11:19:18.384950,31.41711499694848,90.9275692601698,29.10810365538181
2020-10-18 11:19:18.384958,2.733141359221547,49.39547303370225,52.10518842547965
2020-10-18 11:19:18.384965,5.380216167211016,66.80956481496887,41.25540785109554
2020-10-18 11:19:18.384971,96.54138895492342,65.36612163819694,66.96433822033757
2020-10-18 11:19:18.384976,91.57105892867392,67.30520862582186,80.77968649367149
2020-10-18 11:19:18.384982,64.50371626446145,95.26567209906366,79.9959820286122
2020-10-18 11:19:18.384988,56.5618817374977,34.22087131026533,94.79662713725965
2020-10-18 11:19:18.384993,74.32567424079448,40.15690265168298,98.41253567399988
2020-10-18 11:19:18.384999,39.12687375852221,51.66357408918268,61.32415900141228
2020-10-18 11:19:18.385005,9.583677102357047,89.52116315946968,27.960137992781632
2020-10-18 11:19:18.385011,83.99893620543655,97.02171173610567,20.698702494224662
2020-10-18 11:19:18.385017,99.33524161129924,59.8176974957312,20.431434643239044
2020-10-18 11:19:18.385022,22.105583174798205,11.278501277629482,6.672105344752433
2020-10-18 11:19:18.385028,72.61007539355812,57.0371061358117,67.69547097726735
2020-10-18 11:19:18.385033,67.88587158088562,55.86362473447443,18.387619610509397
2020-10-18 11:19:18.385039,96.26057123530124,11.902261152624572,94.6805084970017
2020-10-18 11:19:18.385044,82.03573293380782,34.41055358501465,92.26873724113497
2020-10-18 11:19:18.385050,50.24265823900319,74.59479272279238,3.2345015608969963
2020-10-18 11:19:18.385055,53.978981901585335,19.240395507425134,81.16023883749507
2020-10-18 11:19:18.385061,94.95282391793798,21.742901984395846,61.827331153555285
2020-10-18 11:19:18.385067,23.12815527720836,25.400806753837724,43.84912619292922
2020-10-18 11:19:18.385072,65.99370158222686,13.900978843153855,8.506848071835293
2020-10-18 11:19:18.385078,22.598726615404463,75.61535770799156,99.83648830663088
2020-10-18 11:19:18.385084,81.14191679534979,41.49802230208933,3.311731094792225
2020-10-18 11:19:18.385089,37.2816620833529,99.14222125606427,52.15042521709835
2020-10-18 11:19:18.385095,93.01993143853535,56.15169425323706,25.809652585461805
2020-10-18 11:19:18.385100,6.960650003865099,37.334485886779476,72.88214248290295
2020-10-18 11:19:18.385106,96.61857249871622,13.27039093598521,48.451893325227225
2020-10-18 11:19:18.385111,18.350603136817977,80.62286390543598,94.95397776225364
2020-10-18 11:19:18.385117,74.54774130903138,85.09560946433268,60.83368797777682
2020-10-18 11:19:18.385122,66.21650571148146,78.02446110416315,85.2252276722758
2020-10-18 11:19:18.385128,50.88234996928062,74.6790035966315,59.293205365622036
2020-10-18 11:19:18.385133,65.10701654897936,58.113401967269574,31.435008306530243
