2020-10-25 16:41:07.100323,4.556430468506822,96.93030992687234,68.39204516783239,on
2020-10-25 16:41:07.100358,40.5425936746715,59.03047109559012,64.19760283431553,off
2020-10-25 16:41:07.100368,92.96572096482126,52.54779714499025,73.90410364110403,off
2020-10-25 16:41:07.100375,56.91187291239531,91.20775499649623,28.679254185233848,off
2020-10-25 16:41:07.100382,74.14871985399259,6.345879072856986,21.76781583616796,on
2020-10-25 16:41:07.100389,22.58745203643848,67.94002105473318,97.62869986368428,on
2020-10-25 16:41:07.100396,21.280101029911826,74.49169003509027,19.80134653919211,off
2020-10-25 16:41:07.100403,39.56174433899922,38.06738793333303,10.340697896595941,off
2020-10-25 16:41:07.100409,27.56990806735876,55.14368728958944,74.94242630512159,on
2020-10-25 16:41:07.100416,88.19776405952994,93.94866067573588,73.20409179279183,off
2020-10-25 16:41:07.100423,15.021492992201779,57.745442855367116,63.40657474576524,on
2020-10-25 16:41:07.100429,43.49159686668473,47.02898983495236,2.124351697884941,off
2020-10-25 16:41:07.100436,19.26605653807374,51.084607768891686,11.20534231783099,off
2020-10-25 16:41:07.100443,12.588235149563376,58.702739821606855,13.937312264052126,off
2020-10-25 16:41:07.100449,81.04015356536951,44.59270297141062,39.44487320362581,off
2020-10-25 16:41:07.100456,22.722548890013748,99.548603725343,8.534971650801705,off
2020-10-25 16:41:07.100462,67.79955903652163,81.63996165034536,76.54408722344918,on
2020-10-25 16:41:07.100469,30.224645231154955,40.50694156980852,57.070666927728155,on
2020-10-25 16:41:07.100476,66.98301638494343,27.807913142477936,74.47823018574692,off
2020-10-25 16:41:07.100482,25.435700031092367,6.268997799566112,85.0613574526692,on
2020-10-25 16:41:07.100489,34.783873152410735,69.52627890440436,29.938629404331042,off
2020-10-25 16:41:07.100496,11.730516254721646,50.06199392795805,47.57894196753845,on
2020-10-25 16:41:07.100504,22.204324163749646,9.215400015302533,91.66699561480573,on
2020-10-25 16:41:07.100514,22.58763732061816,77.32898594154472,60.62187281591015,off
2020-10-25 16:41:07.100525,83.12105316068404,7.45376008991604,35.12655105706658,on
2020-10-25 16:41:07.100532,51.52419970457617,43.959809638305494,83.56171295765911,on
2020-10-25 16:41:07.100538,92.42020481371185,29.06250449981248,64.97087143585982,on
2020-10-25 16:41:07.100545,61.83220389564751,72.23022612090693,83.41119566373885,on
2020-10-25 16:41:07.100551,50.756806744385884,5.199731942367281,60.90951128966333,on
2020-10-25 16:41:07.100558,43.8202095586957,8.417655865214924,82.55163241895606,on
2020-10-25 16:41:07.100564,96.81479401880274,92.89824569631418,79.69808675288145,off
2020-10-25 16:41:07.100571,50.0916198008574,59.92066097639183,7.17453675977292,off
2020-10-25 16:41:07.100577,51.283299831470316,30.16284290073553,18.75136887836364,off
2020-10-25 16:41:07.100586,41.66223113511145,13.841719094800165,46.628125044707645,off
2020-10-25 16:41:07.100596,22.812284456575448,65.74281899020451,67.26798468555906,on
2020-10-25 16:41:07.100603,76.8660023658467,35.2269948188158,22.685318999791637,on
2020-10-25 16:41:07.100609,44.45192348701751,21.805238430184815,49.55075236654607,on
2020-10-25 16:41:07.100616,34.45299056829973,34.318291767574195,8.822466374415272,on
2020-10-25 16:41:07.100622,18.039382427391637,18.221814697011617,39.78553193484045,on
2020-10-25 16:41:07.100630,34.41745199114856,60.975777771558036,91.65984039448807,off
2020-10-25 16:41:07.100641,66.20951509044995,40.55627918811642,57.16154110701437,on
2020-10-25 16:41:07.100650,19.647812973449973,21.13946758505395,45.13737268710691,on
2020-10-25 16:41:07.100661,45.75912781552008,69.82476157993517,70.810632720937,on
2020-10-25 16:41:07.100669,73.97983067804098,91.43273537728729,17.905434587082237,off
2020-10-25 16:41:07.100679,69.69049080421314,57.53932562059811,9.167542231149906,on
2020-10-25 16:41:07.100686,81.58583934153073,53.74888984917331,34.88453283422839,off
2020-10-25 16:41:07.100692,71.42306431917656,12.971604526213088,60.53171835675635,on
2020-10-25 16:41:07.100699,16.960943246862847,70.92106450480713,39.30247266277909,on
2020-10-25 16:41:07.100709,8.743863400307394,71.20955390282523,61.23443192659992,on
2020-10-25 16:41:07.100717,31.198250617507995,28.89578675445561,45.833993795371185,off
2020-10-25 16:41:07.100724,57.500360229582434,24.33786365156778,9.700949239942824,on
2020-10-25 16:41:07.100730,44.10938049879506,47.27880732373846,53.339447033858264,on
2020-10-25 16:41:07.100737,35.414989966972385,74.83380215781892,37.45240876245523,off
2020-10-25 16:41:07.100743,2.5260921307437068,35.062853338043276,95.81638280874975,on
2020-10-25 16:41:07.100750,59.418817814952185,79.24451980773384,57.34839641957482,off
2020-10-25 16:41:07.100757,32.25006902002057,53.46360365990183,69.75576463232684,on
2020-10-25 16:41:07.100767,14.726979109492433,55.144612980525935,91.50874455871863,off
2020-10-25 16:41:07.100774,23.811034970183563,14.915856854614118,4.132323156342688,on
2020-10-25 16:41:07.100781,12.281911510661791,44.32527937398901,59.94221430176416,on
2020-10-25 16:41:07.100787,85.95787457341252,65.60397943637325,61.84626632872677,on
2020-10-25 16:41:07.100794,49.463015907911235,55.46647141902151,34.95463596885657,off
2020-10-25 16:41:07.100800,45.30214241683302,89.17368320034909,74.09752215148335,on
2020-10-25 16:41:07.100807,75.40300724164514,36.764162522464225,49.76958684106445,on
2020-10-25 16:41:07.100814,4.4101498623008055,66.77030345906238,61.23503868268393,off
2020-10-25 16:41:07.100821,87.34322096362807,29.307167952829648,40.38730745872212,on
2020-10-25 16:41:07.100827,4.571293655022767,34.717611064035516,31.17800710569998,off
2020-10-25 16:41:07.100834,31.760773016644727,25.160842166465926,50.38096858886909,off
2020-10-25 16:41:07.100841,3.9517660745231664,55.184088941139734,28.775785440093404,off
2020-10-25 16:41:07.100847,6.1795054650625625,16.57040232899163,56.04717137703944,on
2020-10-25 16:41:07.100854,95.62197972113107,97.8779001576412,82.47762794998351,off
2020-10-25 16:41:07.100860,25.570470775825537,44.323523943104306,59.17484740619283,off
2020-10-25 16:41:07.100867,27.53804110006285,8.154137312023934,72.23533389478011,off
2020-10-25 16:41:07.100874,22.87313301350976,49.6896366016188,27.47408977347765,on
2020-10-25 16:41:07.100880,68.48975893323038,95.33036642842524,57.09333819248322,off
2020-10-25 16:41:07.100887,99.42558338035141,55.1034523327641,96.48406033457081,off
2020-10-25 16:41:07.100893,30.696011653059195,22.804119772676824,68.47312918849573,on
2020-10-25 16:41:07.100901,32.4807343541452,81.2040698631586,73.4996408812653,on
2020-10-25 16:41:07.100907,3.094256014304886,62.46943544273886,54.79250402367105,on
2020-10-25 16:41:07.100914,52.842966958589734,26.499911795108723,8.971101972031159,on
2020-10-25 16:41:07.100921,17.80767877717311,53.91023518739671,99.6598334973464,off
2020-10-25 16:41:07.100928,13.474987921001059,46.09182563961672,5.2975261393262585,off
2020-10-25 16:41:07.100935,64.90109976615908,8.83128790016887,31.36785417016047,off
2020-10-25 16:41:07.100941,86.15390883542968,7.335257330266288,73.86692837666367,on
2020-10-25 16:41:07.100948,86.70364436856684,81.26957648317862,41.148341037197255,off
2020-10-25 16:41:07.100954,65.18950447259728,61.84688883212329,55.61126353000465,on
2020-10-25 16:41:07.100961,87.14193205854176,80.36612926964519,96.93619862171545,on
2020-10-25 16:41:07.100967,1.1553249512767483,31.67728566477892,20.08297296960474,off
2020-10-25 16:41:07.100974,34.57859190545924,4.3054622973281775,40.0631522116572,off
2020-10-25 16:41:07.100980,56.887949756749066,36.36009512889442,73.04069612648021,on
2020-10-25 16:41:07.100987,32.69807126483851,19.791343716101906,95.01020732652023,off
2020-10-25 16:41:07.100994,30.900064711128262,99.64284422641997,28.365066597191223,on
2020-10-25 16:41:07.101000,11.977550999968688,81.11211078498991,75.72211796342503,off
2020-10-25 16:41:07.101007,4.260900068695039,71.66416296292785,36.72475986024574,on
2020-10-25 16:41:07.101014,76.53113680377548,35.57280875144314,35.57527578801519,on
2020-10-25 16:41:07.101020,88.51338455514022,44.25867158366062,37.30650687820307,on
2020-10-25 16:41:07.101027,7.684155847633322,68.0132643640763,88.03412190100856,on
2020-10-25 16:41:07.101062,97.55485902450187,85.9431640463546,26.579632609027083,on
2020-10-25 16:41:07.101071,63.106909757117116,55.354254185654504,81.71360281817115,off
2020-10-25 16:41:07.101078,29.54646656138934,62.86055693166011,21.78422629236667,off
2020-10-25 16:41:07.101085,32.79432971962045,23.83319198241477,73.02751444435069,off
